<?xml version="1.0" encoding="UTF-8"?>
<testsuite xmlns:xsi="http://www.w3.org/2001/XMLSchema-instance" xsi:noNamespaceSchemaLocation="https://maven.apache.org/surefire/maven-surefire-plugin/xsd/surefire-test-report.xsd" name="com.upgrad.FoodOrderingApp.api.controller.AddressControllerTest" time="15.474" tests="19" errors="0" skipped="0" failures="0">
  <properties>
[...]
</properties>
  <testcase name="shouldGetAllAddresses" classname="com.upgrad.FoodOrderingApp.api.controller.AddressControllerTest" time="0.358"/>
  <testcase name="shouldNotDeleteAddressWithExpiredSessionUser" classname="com.upgrad.FoodOrderingApp.api.controller.AddressControllerTest" time="0.035"/>
  <testcase name="shouldNotGetAllAddressesWithExpiredSessionUser" classname="com.upgrad.FoodOrderingApp.api.controller.AddressControllerTest" time="0.01"/>
  <testcase name="shouldNotSaveAddressWithIncorrectStateId" classname="com.upgrad.FoodOrderingApp.api.controller.AddressControllerTest" time="0.029"/>
  <testcase name="shouldNotDeleteAddressIfNoAddressPresentAgainstGivenAddressId" classname="com.upgrad.FoodOrderingApp.api.controller.AddressControllerTest" time="0.013"/>
  <testcase name="shouldNotSaveAddressWithEmptyWrongPinCode" classname="com.upgrad.FoodOrderingApp.api.controller.AddressControllerTest" time="0.009"/>
  <testcase name="shouldNotGetAllStatesIfNonePresentInDb" classname="com.upgrad.FoodOrderingApp.api.controller.AddressControllerTest" time="0.007"/>
  <testcase name="shouldSaveAddress" classname="com.upgrad.FoodOrderingApp.api.controller.AddressControllerTest" time="0.015"/>
  <testcase name="shouldNotDeleteAddressWithNonExistingAccessToken" classname="com.upgrad.FoodOrderingApp.api.controller.AddressControllerTest" time="0.01"/>
  <testcase name="shouldNotSaveAddressWithExpiredSessionUser" classname="com.upgrad.FoodOrderingApp.api.controller.AddressControllerTest" time="0.017"/>
  <testcase name="shouldNotGetAllAddressesWithSignedOutUser" classname="com.upgrad.FoodOrderingApp.api.controller.AddressControllerTest" time="0.014"/>
  <testcase name="shouldNotSaveAddressWithSignedOutUser" classname="com.upgrad.FoodOrderingApp.api.controller.AddressControllerTest" time="0.007"/>
  <testcase name="shouldNotSaveAddressWithNonExistingAccessToken" classname="com.upgrad.FoodOrderingApp.api.controller.AddressControllerTest" time="0.01"/>
  <testcase name="shouldNotGetAllAddressesWithNonExistingAccessToken" classname="com.upgrad.FoodOrderingApp.api.controller.AddressControllerTest" time="0.012"/>
  <testcase name="shouldNotDeleteAddressForWrongCustomer" classname="com.upgrad.FoodOrderingApp.api.controller.AddressControllerTest" time="0.009"/>
  <testcase name="shouldDeleteAddress" classname="com.upgrad.FoodOrderingApp.api.controller.AddressControllerTest" time="0.009"/>
  <testcase name="shouldGetAllStates" classname="com.upgrad.FoodOrderingApp.api.controller.AddressControllerTest" time="0.012"/>
  <testcase name="shouldNotSaveAddressWithEmptyAddressField" classname="com.upgrad.FoodOrderingApp.api.controller.AddressControllerTest" time="0.011"/>
  <testcase name="shouldNotDeleteAddressWithSignedOutUser" classname="com.upgrad.FoodOrderingApp.api.controller.AddressControllerTest" time="0.012"/>
</testsuite>