<?xml version="1.0" encoding="UTF-8"?>
<testsuite xmlns:xsi="http://www.w3.org/2001/XMLSchema-instance" xsi:noNamespaceSchemaLocation="https://maven.apache.org/surefire/maven-surefire-plugin/xsd/surefire-test-report.xsd" name="com.upgrad.FoodOrderingApp.api.controller.CustomerControllerTest" time="12.054" tests="13" errors="3" skipped="0" failures="0">
  <properties>
[...]
</properties>
  <testcase name="shouldNotLogoutIfSessionIsExpired" classname="com.upgrad.FoodOrderingApp.api.controller.CustomerControllerTest" time="0.506"/>
  <testcase name="shouldNotLoginForInvalidAuthorizationFormat" classname="com.upgrad.FoodOrderingApp.api.controller.CustomerControllerTest" time="0.023"/>
  <testcase name="shouldNotSignUpForEmptyRequest" classname="com.upgrad.FoodOrderingApp.api.controller.CustomerControllerTest" time="0.568">
    <error message="Request processing failed; nested exception is java.lang.NullPointerException" type="org.springframework.web.util.NestedServletException">org.springframework.web.util.NestedServletException: Request processing failed; nested exception is java.lang.NullPointerException
	at com.upgrad.FoodOrderingApp.api.controller.CustomerControllerTest.shouldNotSignUpForEmptyRequest(CustomerControllerTest.java:64)
Caused by: java.lang.NullPointerException
	at com.upgrad.FoodOrderingApp.api.controller.CustomerControllerTest.shouldNotSignUpForEmptyRequest(CustomerControllerTest.java:64)
</error>
    <system-out><![CDATA[
MockHttpServletRequest:
      HTTP Method = POST
      Request URI = /customer/logout
       Parameters = {}
          Headers = {Content-Type=[application/json;charset=UTF-8], authorization=[Bearer auth]}
             Body = null
    Session Attrs = {}

Handler:
             Type = com.upgrad.FoodOrderingApp.api.controller.CustomerController
           Method = public org.springframework.http.ResponseEntity<com.upgrad.FoodOrderingApp.api.model.LogoutResponse> com.upgrad.FoodOrderingApp.api.controller.CustomerController.logout(java.lang.String) throws com.upgrad.FoodOrderingApp.service.exception.AuthorizationFailedException

Async:
    Async started = false
     Async result = null

Resolved Exception:
             Type = com.upgrad.FoodOrderingApp.service.exception.AuthorizationFailedException

ModelAndView:
        View name = null
             View = null
            Model = null

FlashMap:
       Attributes = null

MockHttpServletResponse:
           Status = 403
    Error message = null
          Headers = {Content-Type=[application/json;charset=UTF-8]}
     Content type = application/json;charset=UTF-8
             Body = {"code":"ATHR-003","message":"Your session is expired. Log in again to access this endpoint.","root_cause":null}
    Forwarded URL = null
   Redirected URL = null
          Cookies = []

MockHttpServletRequest:
      HTTP Method = POST
      Request URI = /customer/login
       Parameters = {}
          Headers = {Content-Type=[application/json;charset=UTF-8], authorization=[Basic Og==]}
             Body = null
    Session Attrs = {}

Handler:
             Type = com.upgrad.FoodOrderingApp.api.controller.CustomerController
           Method = public org.springframework.http.ResponseEntity<com.upgrad.FoodOrderingApp.api.model.LoginResponse> com.upgrad.FoodOrderingApp.api.controller.CustomerController.signin(java.lang.String) throws com.upgrad.FoodOrderingApp.service.exception.AuthenticationFailedException

Async:
    Async started = false
     Async result = null

Resolved Exception:
             Type = com.upgrad.FoodOrderingApp.service.exception.AuthenticationFailedException

ModelAndView:
        View name = null
             View = null
            Model = null

FlashMap:
       Attributes = null

MockHttpServletResponse:
           Status = 401
    Error message = null
          Headers = {Content-Type=[application/json;charset=UTF-8]}
     Content type = application/json;charset=UTF-8
             Body = {"code":"ATH-003","message":"Incorrect format of decoded customer name and password","root_cause":null}
    Forwarded URL = null
   Redirected URL = null
          Cookies = []
]]></system-out>
  </testcase>
  <testcase name="shouldNotLogoutIfCustomerIsAlreadyLoggedOut" classname="com.upgrad.FoodOrderingApp.api.controller.CustomerControllerTest" time="0"/>
  <testcase name="shouldLogoutForValidRequest" classname="com.upgrad.FoodOrderingApp.api.controller.CustomerControllerTest" time="0"/>
  <testcase name="shouldNotLoginIfNoDataPresentForGivenMobileNo" classname="com.upgrad.FoodOrderingApp.api.controller.CustomerControllerTest" time="0.216">
    <error message="&#10;Checked exception is invalid for this method!&#10;Invalid: com.upgrad.FoodOrderingApp.service.exception.AuthenticationFailedException" type="org.mockito.exceptions.base.MockitoException">org.mockito.exceptions.base.MockitoException: 

Checked exception is invalid for this method!
Invalid: com.upgrad.FoodOrderingApp.service.exception.AuthenticationFailedException
	at com.upgrad.FoodOrderingApp.api.controller.CustomerControllerTest.shouldNotLoginIfNoDataPresentForGivenMobileNo(CustomerControllerTest.java:175)
</error>
    <system-out><![CDATA[
MockHttpServletRequest:
      HTTP Method = POST
      Request URI = /customer/logout
       Parameters = {}
          Headers = {Content-Type=[application/json;charset=UTF-8], authorization=[Bearer auth]}
             Body = null
    Session Attrs = {}

Handler:
             Type = com.upgrad.FoodOrderingApp.api.controller.CustomerController
           Method = public org.springframework.http.ResponseEntity<com.upgrad.FoodOrderingApp.api.model.LogoutResponse> com.upgrad.FoodOrderingApp.api.controller.CustomerController.logout(java.lang.String) throws com.upgrad.FoodOrderingApp.service.exception.AuthorizationFailedException

Async:
    Async started = false
     Async result = null

Resolved Exception:
             Type = com.upgrad.FoodOrderingApp.service.exception.AuthorizationFailedException

ModelAndView:
        View name = null
             View = null
            Model = null

FlashMap:
       Attributes = null

MockHttpServletResponse:
           Status = 403
    Error message = null
          Headers = {Content-Type=[application/json;charset=UTF-8]}
     Content type = application/json;charset=UTF-8
             Body = {"code":"ATHR-003","message":"Your session is expired. Log in again to access this endpoint.","root_cause":null}
    Forwarded URL = null
   Redirected URL = null
          Cookies = []

MockHttpServletRequest:
      HTTP Method = POST
      Request URI = /customer/login
       Parameters = {}
          Headers = {Content-Type=[application/json;charset=UTF-8], authorization=[Basic Og==]}
             Body = null
    Session Attrs = {}

Handler:
             Type = com.upgrad.FoodOrderingApp.api.controller.CustomerController
           Method = public org.springframework.http.ResponseEntity<com.upgrad.FoodOrderingApp.api.model.LoginResponse> com.upgrad.FoodOrderingApp.api.controller.CustomerController.signin(java.lang.String) throws com.upgrad.FoodOrderingApp.service.exception.AuthenticationFailedException

Async:
    Async started = false
     Async result = null

Resolved Exception:
             Type = com.upgrad.FoodOrderingApp.service.exception.AuthenticationFailedException

ModelAndView:
        View name = null
             View = null
            Model = null

FlashMap:
       Attributes = null

MockHttpServletResponse:
           Status = 401
    Error message = null
          Headers = {Content-Type=[application/json;charset=UTF-8]}
     Content type = application/json;charset=UTF-8
             Body = {"code":"ATH-003","message":"Incorrect format of decoded customer name and password","root_cause":null}
    Forwarded URL = null
   Redirected URL = null
          Cookies = []

MockHttpServletRequest:
      HTTP Method = POST
      Request URI = /customer/logout
       Parameters = {}
          Headers = {Content-Type=[application/json;charset=UTF-8], authorization=[Bearer auth]}
             Body = null
    Session Attrs = {}

Handler:
             Type = com.upgrad.FoodOrderingApp.api.controller.CustomerController
           Method = public org.springframework.http.ResponseEntity<com.upgrad.FoodOrderingApp.api.model.LogoutResponse> com.upgrad.FoodOrderingApp.api.controller.CustomerController.logout(java.lang.String) throws com.upgrad.FoodOrderingApp.service.exception.AuthorizationFailedException

Async:
    Async started = false
     Async result = null

Resolved Exception:
             Type = com.upgrad.FoodOrderingApp.service.exception.AuthorizationFailedException

ModelAndView:
        View name = null
             View = null
            Model = null

FlashMap:
       Attributes = null

MockHttpServletResponse:
           Status = 403
    Error message = null
          Headers = {Content-Type=[application/json;charset=UTF-8]}
     Content type = application/json;charset=UTF-8
             Body = {"code":"ATHR-002","message":"Customer is logged out. Log in again to access this endpoint.","root_cause":null}
    Forwarded URL = null
   Redirected URL = null
          Cookies = []

MockHttpServletRequest:
      HTTP Method = POST
      Request URI = /customer/logout
       Parameters = {}
          Headers = {Content-Type=[application/json;charset=UTF-8], authorization=[Bearer access-token]}
             Body = null
    Session Attrs = {}

Handler:
             Type = com.upgrad.FoodOrderingApp.api.controller.CustomerController
           Method = public org.springframework.http.ResponseEntity<com.upgrad.FoodOrderingApp.api.model.LogoutResponse> com.upgrad.FoodOrderingApp.api.controller.CustomerController.logout(java.lang.String) throws com.upgrad.FoodOrderingApp.service.exception.AuthorizationFailedException

Async:
    Async started = false
     Async result = null

Resolved Exception:
             Type = null

ModelAndView:
        View name = null
             View = null
            Model = null

FlashMap:
       Attributes = null

MockHttpServletResponse:
           Status = 200
    Error message = null
          Headers = {Content-Type=[application/json;charset=UTF-8]}
     Content type = application/json;charset=UTF-8
             Body = {"id":"3784ea07-5369-4b4e-b320-4b463d00c279","message":"LOGGED OUT SUCCESSFULLY"}
    Forwarded URL = null
   Redirected URL = null
          Cookies = []
]]></system-out>
  </testcase>
  <testcase name="shouldNotSignUpForInvalidContactNo" classname="com.upgrad.FoodOrderingApp.api.controller.CustomerControllerTest" time="0"/>
  <testcase name="shouldNotLogoutWhenCustomerIsNotLoggedIn" classname="com.upgrad.FoodOrderingApp.api.controller.CustomerControllerTest" time="0"/>
  <testcase name="shouldNotSignUpForInvalidEmailId" classname="com.upgrad.FoodOrderingApp.api.controller.CustomerControllerTest" time="0"/>
  <testcase name="shouldNotSignUpIfTheContactIsAlreadySignedUp" classname="com.upgrad.FoodOrderingApp.api.controller.CustomerControllerTest" time="0"/>
  <testcase name="shouldNotSignUpForInvalidPassword" classname="com.upgrad.FoodOrderingApp.api.controller.CustomerControllerTest" time="0"/>
  <testcase name="shouldNotLoginForWrongPassword" classname="com.upgrad.FoodOrderingApp.api.controller.CustomerControllerTest" time="0.471">
    <error message="&#10;Checked exception is invalid for this method!&#10;Invalid: com.upgrad.FoodOrderingApp.service.exception.AuthenticationFailedException" type="org.mockito.exceptions.base.MockitoException">org.mockito.exceptions.base.MockitoException: 

Checked exception is invalid for this method!
Invalid: com.upgrad.FoodOrderingApp.service.exception.AuthenticationFailedException
	at com.upgrad.FoodOrderingApp.api.controller.CustomerControllerTest.shouldNotLoginForWrongPassword(CustomerControllerTest.java:189)
</error>
    <system-out><![CDATA[
MockHttpServletRequest:
      HTTP Method = POST
      Request URI = /customer/logout
       Parameters = {}
          Headers = {Content-Type=[application/json;charset=UTF-8], authorization=[Bearer auth]}
             Body = null
    Session Attrs = {}

Handler:
             Type = com.upgrad.FoodOrderingApp.api.controller.CustomerController
           Method = public org.springframework.http.ResponseEntity<com.upgrad.FoodOrderingApp.api.model.LogoutResponse> com.upgrad.FoodOrderingApp.api.controller.CustomerController.logout(java.lang.String) throws com.upgrad.FoodOrderingApp.service.exception.AuthorizationFailedException

Async:
    Async started = false
     Async result = null

Resolved Exception:
             Type = com.upgrad.FoodOrderingApp.service.exception.AuthorizationFailedException

ModelAndView:
        View name = null
             View = null
            Model = null

FlashMap:
       Attributes = null

MockHttpServletResponse:
           Status = 403
    Error message = null
          Headers = {Content-Type=[application/json;charset=UTF-8]}
     Content type = application/json;charset=UTF-8
             Body = {"code":"ATHR-003","message":"Your session is expired. Log in again to access this endpoint.","root_cause":null}
    Forwarded URL = null
   Redirected URL = null
          Cookies = []

MockHttpServletRequest:
      HTTP Method = POST
      Request URI = /customer/login
       Parameters = {}
          Headers = {Content-Type=[application/json;charset=UTF-8], authorization=[Basic Og==]}
             Body = null
    Session Attrs = {}

Handler:
             Type = com.upgrad.FoodOrderingApp.api.controller.CustomerController
           Method = public org.springframework.http.ResponseEntity<com.upgrad.FoodOrderingApp.api.model.LoginResponse> com.upgrad.FoodOrderingApp.api.controller.CustomerController.signin(java.lang.String) throws com.upgrad.FoodOrderingApp.service.exception.AuthenticationFailedException

Async:
    Async started = false
     Async result = null

Resolved Exception:
             Type = com.upgrad.FoodOrderingApp.service.exception.AuthenticationFailedException

ModelAndView:
        View name = null
             View = null
            Model = null

FlashMap:
       Attributes = null

MockHttpServletResponse:
           Status = 401
    Error message = null
          Headers = {Content-Type=[application/json;charset=UTF-8]}
     Content type = application/json;charset=UTF-8
             Body = {"code":"ATH-003","message":"Incorrect format of decoded customer name and password","root_cause":null}
    Forwarded URL = null
   Redirected URL = null
          Cookies = []

MockHttpServletRequest:
      HTTP Method = POST
      Request URI = /customer/logout
       Parameters = {}
          Headers = {Content-Type=[application/json;charset=UTF-8], authorization=[Bearer auth]}
             Body = null
    Session Attrs = {}

Handler:
             Type = com.upgrad.FoodOrderingApp.api.controller.CustomerController
           Method = public org.springframework.http.ResponseEntity<com.upgrad.FoodOrderingApp.api.model.LogoutResponse> com.upgrad.FoodOrderingApp.api.controller.CustomerController.logout(java.lang.String) throws com.upgrad.FoodOrderingApp.service.exception.AuthorizationFailedException

Async:
    Async started = false
     Async result = null

Resolved Exception:
             Type = com.upgrad.FoodOrderingApp.service.exception.AuthorizationFailedException

ModelAndView:
        View name = null
             View = null
            Model = null

FlashMap:
       Attributes = null

MockHttpServletResponse:
           Status = 403
    Error message = null
          Headers = {Content-Type=[application/json;charset=UTF-8]}
     Content type = application/json;charset=UTF-8
             Body = {"code":"ATHR-002","message":"Customer is logged out. Log in again to access this endpoint.","root_cause":null}
    Forwarded URL = null
   Redirected URL = null
          Cookies = []

MockHttpServletRequest:
      HTTP Method = POST
      Request URI = /customer/logout
       Parameters = {}
          Headers = {Content-Type=[application/json;charset=UTF-8], authorization=[Bearer access-token]}
             Body = null
    Session Attrs = {}

Handler:
             Type = com.upgrad.FoodOrderingApp.api.controller.CustomerController
           Method = public org.springframework.http.ResponseEntity<com.upgrad.FoodOrderingApp.api.model.LogoutResponse> com.upgrad.FoodOrderingApp.api.controller.CustomerController.logout(java.lang.String) throws com.upgrad.FoodOrderingApp.service.exception.AuthorizationFailedException

Async:
    Async started = false
     Async result = null

Resolved Exception:
             Type = null

ModelAndView:
        View name = null
             View = null
            Model = null

FlashMap:
       Attributes = null

MockHttpServletResponse:
           Status = 200
    Error message = null
          Headers = {Content-Type=[application/json;charset=UTF-8]}
     Content type = application/json;charset=UTF-8
             Body = {"id":"3784ea07-5369-4b4e-b320-4b463d00c279","message":"LOGGED OUT SUCCESSFULLY"}
    Forwarded URL = null
   Redirected URL = null
          Cookies = []

MockHttpServletRequest:
      HTTP Method = POST
      Request URI = /customer/signup
       Parameters = {}
          Headers = {Content-Type=[application/json;charset=UTF-8]}
             Body = {"first_name":"first", "last_name":"last", "email_address":"abc@email.com", "contact_number":"123", "password":"qawsedrf@123"}
    Session Attrs = {}

Handler:
             Type = com.upgrad.FoodOrderingApp.api.controller.CustomerController
           Method = public org.springframework.http.ResponseEntity<com.upgrad.FoodOrderingApp.api.model.SignupCustomerResponse> com.upgrad.FoodOrderingApp.api.controller.CustomerController.signup(com.upgrad.FoodOrderingApp.api.model.SignupCustomerRequest) throws com.upgrad.FoodOrderingApp.service.exception.SignUpRestrictedException

Async:
    Async started = false
     Async result = null

Resolved Exception:
             Type = com.upgrad.FoodOrderingApp.service.exception.SignUpRestrictedException

ModelAndView:
        View name = null
             View = null
            Model = null

FlashMap:
       Attributes = null

MockHttpServletResponse:
           Status = 400
    Error message = null
          Headers = {Content-Type=[application/json;charset=UTF-8]}
     Content type = application/json;charset=UTF-8
             Body = {"code":"SGR-003","message":"Invalid contact number!","root_cause":null}
    Forwarded URL = null
   Redirected URL = null
          Cookies = []

MockHttpServletRequest:
      HTTP Method = POST
      Request URI = /customer/logout
       Parameters = {}
          Headers = {Content-Type=[application/json;charset=UTF-8], authorization=[Bearer auth]}
             Body = null
    Session Attrs = {}

Handler:
             Type = com.upgrad.FoodOrderingApp.api.controller.CustomerController
           Method = public org.springframework.http.ResponseEntity<com.upgrad.FoodOrderingApp.api.model.LogoutResponse> com.upgrad.FoodOrderingApp.api.controller.CustomerController.logout(java.lang.String) throws com.upgrad.FoodOrderingApp.service.exception.AuthorizationFailedException

Async:
    Async started = false
     Async result = null

Resolved Exception:
             Type = com.upgrad.FoodOrderingApp.service.exception.AuthorizationFailedException

ModelAndView:
        View name = null
             View = null
            Model = null

FlashMap:
       Attributes = null

MockHttpServletResponse:
           Status = 403
    Error message = null
          Headers = {Content-Type=[application/json;charset=UTF-8]}
     Content type = application/json;charset=UTF-8
             Body = {"code":"ATHR-001","message":"Customer is not Logged in.","root_cause":null}
    Forwarded URL = null
   Redirected URL = null
          Cookies = []

MockHttpServletRequest:
      HTTP Method = POST
      Request URI = /customer/signup
       Parameters = {}
          Headers = {Content-Type=[application/json;charset=UTF-8]}
             Body = {"first_name":"first", "last_name":"last", "email_address":"abc@1", "contact_number":"9090909090", "password":"qawsedrf@123"}
    Session Attrs = {}

Handler:
             Type = com.upgrad.FoodOrderingApp.api.controller.CustomerController
           Method = public org.springframework.http.ResponseEntity<com.upgrad.FoodOrderingApp.api.model.SignupCustomerResponse> com.upgrad.FoodOrderingApp.api.controller.CustomerController.signup(com.upgrad.FoodOrderingApp.api.model.SignupCustomerRequest) throws com.upgrad.FoodOrderingApp.service.exception.SignUpRestrictedException

Async:
    Async started = false
     Async result = null

Resolved Exception:
             Type = com.upgrad.FoodOrderingApp.service.exception.SignUpRestrictedException

ModelAndView:
        View name = null
             View = null
            Model = null

FlashMap:
       Attributes = null

MockHttpServletResponse:
           Status = 400
    Error message = null
          Headers = {Content-Type=[application/json;charset=UTF-8]}
     Content type = application/json;charset=UTF-8
             Body = {"code":"SGR-002","message":"Invalid email-id format!","root_cause":null}
    Forwarded URL = null
   Redirected URL = null
          Cookies = []

MockHttpServletRequest:
      HTTP Method = POST
      Request URI = /customer/signup
       Parameters = {}
          Headers = {Content-Type=[application/json;charset=UTF-8]}
             Body = {"first_name":"first", "last_name":"last", "email_address":"abc@email.com", "contact_number":"9090909090", "password":"qawsedrf@123"}
    Session Attrs = {}

Handler:
             Type = com.upgrad.FoodOrderingApp.api.controller.CustomerController
           Method = public org.springframework.http.ResponseEntity<com.upgrad.FoodOrderingApp.api.model.SignupCustomerResponse> com.upgrad.FoodOrderingApp.api.controller.CustomerController.signup(com.upgrad.FoodOrderingApp.api.model.SignupCustomerRequest) throws com.upgrad.FoodOrderingApp.service.exception.SignUpRestrictedException

Async:
    Async started = false
     Async result = null

Resolved Exception:
             Type = com.upgrad.FoodOrderingApp.service.exception.SignUpRestrictedException

ModelAndView:
        View name = null
             View = null
            Model = null

FlashMap:
       Attributes = null

MockHttpServletResponse:
           Status = 400
    Error message = null
          Headers = {Content-Type=[application/json;charset=UTF-8]}
     Content type = application/json;charset=UTF-8
             Body = {"code":"SGR-001","message":"Try any other contact number, this contact number has already been taken","root_cause":null}
    Forwarded URL = null
   Redirected URL = null
          Cookies = []

MockHttpServletRequest:
      HTTP Method = POST
      Request URI = /customer/signup
       Parameters = {}
          Headers = {Content-Type=[application/json;charset=UTF-8]}
             Body = {"first_name":"first", "last_name":"last", "email_address":"abc@email.com", "contact_number":"9090909090", "password":"1"}
    Session Attrs = {}

Handler:
             Type = com.upgrad.FoodOrderingApp.api.controller.CustomerController
           Method = public org.springframework.http.ResponseEntity<com.upgrad.FoodOrderingApp.api.model.SignupCustomerResponse> com.upgrad.FoodOrderingApp.api.controller.CustomerController.signup(com.upgrad.FoodOrderingApp.api.model.SignupCustomerRequest) throws com.upgrad.FoodOrderingApp.service.exception.SignUpRestrictedException

Async:
    Async started = false
     Async result = null

Resolved Exception:
             Type = com.upgrad.FoodOrderingApp.service.exception.SignUpRestrictedException

ModelAndView:
        View name = null
             View = null
            Model = null

FlashMap:
       Attributes = null

MockHttpServletResponse:
           Status = 400
    Error message = null
          Headers = {Content-Type=[application/json;charset=UTF-8]}
     Content type = application/json;charset=UTF-8
             Body = {"code":"SGR-004","message":"Weak password!","root_cause":null}
    Forwarded URL = null
   Redirected URL = null
          Cookies = []
]]></system-out>
  </testcase>
  <testcase name="shouldSignUpForValidRequest" classname="com.upgrad.FoodOrderingApp.api.controller.CustomerControllerTest" time="0"/>
</testsuite>